<?xml version="1.0" encoding="UTF-8"?>
<!-- Generated by org.testng.reporters.JUnitReportReporter -->
<testsuite hostname="BKUSL-6QBN7W1" name="wta.open" tests="1" failures="0" timestamp="12 Sep 2015 18:52:25 GMT" time="8.884" errors="0">
  <testcase name="openBrowser" time="8.884" classname="wta.open"/>
</testsuite> <!-- wta.open -->
